<?xml version="1.0" encoding="UTF-8"?>
<coverage generated="1766881073441" clover="3.2.0">
  <project timestamp="1766881073441" name="All files">
    <metrics statements="33" coveredstatements="33" conditionals="14" coveredconditionals="11" methods="5" coveredmethods="5" elements="52" coveredelements="49" complexity="0" loc="33" ncloc="33" packages="1" files="1" classes="1"/>
    <file name="extension.ts" path="/Users/alarner/projects/cdm/editors/vscode-cdm/src/extension.ts">
      <metrics statements="33" coveredstatements="33" conditionals="14" coveredconditionals="11" methods="5" coveredmethods="5"/>
      <line num="2" count="2" type="stmt"/>
      <line num="3" count="2" type="stmt"/>
      <line num="13" count="2" type="stmt"/>
      <line num="14" count="18" type="stmt"/>
      <line num="17" count="18" type="stmt"/>
      <line num="18" count="18" type="cond" truecount="1" falsecount="1"/>
      <line num="19" count="18" type="cond" truecount="1" falsecount="1"/>
      <line num="22" count="18" type="stmt"/>
      <line num="29" count="18" type="stmt"/>
      <line num="35" count="18" type="stmt"/>
      <line num="55" count="18" type="stmt"/>
      <line num="63" count="18" type="stmt"/>
      <line num="65" count="2" type="stmt"/>
      <line num="70" count="18" type="stmt"/>
      <line num="72" count="3" type="stmt"/>
      <line num="73" count="3" type="stmt"/>
      <line num="75" count="3" type="cond" truecount="2" falsecount="0"/>
      <line num="76" count="1" type="stmt"/>
      <line num="79" count="2" type="stmt"/>
      <line num="80" count="2" type="cond" truecount="2" falsecount="0"/>
      <line num="81" count="1" type="stmt"/>
      <line num="86" count="1" type="stmt"/>
      <line num="93" count="18" type="stmt"/>
      <line num="95" count="18" type="stmt"/>
      <line num="98" count="2" type="stmt"/>
      <line num="99" count="2" type="cond" truecount="2" falsecount="0"/>
      <line num="100" count="1" type="stmt"/>
      <line num="102" count="1" type="stmt"/>
      <line num="106" count="2" type="cond" truecount="1" falsecount="1"/>
      <line num="107" count="2" type="stmt"/>
      <line num="108" count="2" type="stmt"/>
      <line num="109" count="2" type="stmt"/>
      <line num="110" count="2" type="stmt"/>
    </file>
  </project>
</coverage>
