<?xml version="1.0" encoding="UTF-8"?>
<coverage generated="1766820470853" clover="3.2.0">
  <project timestamp="1766820470853" name="All files">
    <metrics statements="24" coveredstatements="23" conditionals="10" coveredconditionals="6" methods="4" coveredmethods="4" elements="38" coveredelements="33" complexity="0" loc="24" ncloc="24" packages="1" files="1" classes="1"/>
    <file name="extension.ts" path="/Users/alarner/projects/cdm/editors/vscode-cdm/src/extension.ts">
      <metrics statements="24" coveredstatements="23" conditionals="10" coveredconditionals="6" methods="4" coveredmethods="4"/>
      <line num="2" count="1" type="stmt"/>
      <line num="3" count="1" type="stmt"/>
      <line num="13" count="1" type="stmt"/>
      <line num="14" count="12" type="stmt"/>
      <line num="17" count="12" type="stmt"/>
      <line num="18" count="12" type="cond" truecount="1" falsecount="1"/>
      <line num="19" count="12" type="cond" truecount="1" falsecount="1"/>
      <line num="22" count="12" type="stmt"/>
      <line num="29" count="12" type="stmt"/>
      <line num="35" count="12" type="stmt"/>
      <line num="54" count="12" type="stmt"/>
      <line num="62" count="12" type="stmt"/>
      <line num="64" count="2" type="stmt"/>
      <line num="69" count="12" type="stmt"/>
      <line num="71" count="12" type="stmt"/>
      <line num="74" count="1" type="stmt"/>
      <line num="75" count="1" type="cond" truecount="1" falsecount="1"/>
      <line num="76" count="0" type="stmt"/>
      <line num="78" count="1" type="stmt"/>
      <line num="82" count="2" type="cond" truecount="1" falsecount="1"/>
      <line num="83" count="2" type="stmt"/>
      <line num="84" count="2" type="stmt"/>
      <line num="85" count="2" type="stmt"/>
      <line num="86" count="2" type="stmt"/>
    </file>
  </project>
</coverage>
