{"/Users/alarner/projects/cdm/editors/vscode-cdm/src/extension.ts": {"path":"/Users/alarner/projects/cdm/editors/vscode-cdm/src/extension.ts","statementMap":{"0":{"start":{"line":13,"column":0},"end":{"line":13,"column":16}},"1":{"start":{"line":74,"column":0},"end":{"line":74,"column":16}},"2":{"start":{"line":2,"column":0},"end":{"line":2,"column":33}},"3":{"start":{"line":3,"column":0},"end":{"line":3,"column":null}},"4":{"start":{"line":14,"column":2},"end":{"line":14,"column":45}},"5":{"start":{"line":17,"column":17},"end":{"line":17,"column":57}},"6":{"start":{"line":18,"column":21},"end":{"line":18,"column":67}},"7":{"start":{"line":19,"column":21},"end":{"line":19,"column":64}},"8":{"start":{"line":22,"column":39},"end":{"line":26,"column":4}},"9":{"start":{"line":29,"column":39},"end":{"line":32,"column":4}},"10":{"start":{"line":35,"column":47},"end":{"line":51,"column":4}},"11":{"start":{"line":54,"column":2},"end":{"line":59,"column":4}},"12":{"start":{"line":62,"column":2},"end":{"line":66,"column":4}},"13":{"start":{"line":64,"column":6},"end":{"line":64,"column":28}},"14":{"start":{"line":69,"column":2},"end":{"line":69,"column":22}},"15":{"start":{"line":71,"column":2},"end":{"line":71,"column":45}},"16":{"start":{"line":75,"column":2},"end":{"line":77,"column":3}},"17":{"start":{"line":76,"column":4},"end":{"line":76,"column":21}},"18":{"start":{"line":78,"column":2},"end":{"line":78,"column":23}},"19":{"start":{"line":82,"column":2},"end":{"line":87,"column":3}},"20":{"start":{"line":83,"column":4},"end":{"line":83,"column":78}},"21":{"start":{"line":84,"column":4},"end":{"line":84,"column":24}},"22":{"start":{"line":85,"column":4},"end":{"line":85,"column":25}},"23":{"start":{"line":86,"column":4},"end":{"line":86,"column":74}}},"fnMap":{"0":{"name":"activate","decl":{"start":{"line":13,"column":16},"end":{"line":13,"column":24}},"loc":{"start":{"line":13,"column":57},"end":{"line":72,"column":1}}},"1":{"name":"(anonymous_10)","decl":{"start":{"line":63,"column":57},"end":{"line":63,"column":62}},"loc":{"start":{"line":63,"column":68},"end":{"line":65,"column":5}}},"2":{"name":"deactivate","decl":{"start":{"line":74,"column":16},"end":{"line":74,"column":26}},"loc":{"start":{"line":74,"column":26},"end":{"line":79,"column":1}}},"3":{"name":"restartServer","decl":{"start":{"line":81,"column":15},"end":{"line":81,"column":28}},"loc":{"start":{"line":81,"column":28},"end":{"line":88,"column":1}}}},"branchMap":{"0":{"loc":{"start":{"line":18,"column":21},"end":{"line":18,"column":67}},"type":"binary-expr","locations":[{"start":{"line":18,"column":21},"end":{"line":18,"column":54}},{"start":{"line":18,"column":58},"end":{"line":18,"column":67}}]},"1":{"loc":{"start":{"line":19,"column":21},"end":{"line":19,"column":64}},"type":"binary-expr","locations":[{"start":{"line":19,"column":21},"end":{"line":19,"column":55}},{"start":{"line":19,"column":59},"end":{"line":19,"column":64}}]},"2":{"loc":{"start":{"line":50,"column":24},"end":{"line":50,"column":121}},"type":"cond-expr","locations":[{"start":{"line":50,"column":47},"end":{"line":50,"column":109}},{"start":{"line":50,"column":112},"end":{"line":50,"column":121}}]},"3":{"loc":{"start":{"line":75,"column":2},"end":{"line":77,"column":3}},"type":"if","locations":[{"start":{"line":75,"column":2},"end":{"line":77,"column":3}},{"start":{},"end":{}}]},"4":{"loc":{"start":{"line":82,"column":2},"end":{"line":87,"column":3}},"type":"if","locations":[{"start":{"line":82,"column":2},"end":{"line":87,"column":3}},{"start":{},"end":{}}]}},"s":{"0":1,"1":1,"2":1,"3":1,"4":12,"5":12,"6":12,"7":12,"8":12,"9":12,"10":12,"11":12,"12":12,"13":2,"14":12,"15":12,"16":1,"17":0,"18":1,"19":2,"20":2,"21":2,"22":2,"23":2},"f":{"0":12,"1":2,"2":1,"3":2},"b":{"0":[12,0],"1":[12,0],"2":[1,11],"3":[0,1],"4":[2,0]}}
}
