{"/Users/alarner/projects/cdm/editors/vscode-cdm/src/extension.ts": {"path":"/Users/alarner/projects/cdm/editors/vscode-cdm/src/extension.ts","statementMap":{"0":{"start":{"line":13,"column":0},"end":{"line":13,"column":16}},"1":{"start":{"line":98,"column":0},"end":{"line":98,"column":16}},"2":{"start":{"line":2,"column":0},"end":{"line":2,"column":33}},"3":{"start":{"line":3,"column":0},"end":{"line":3,"column":null}},"4":{"start":{"line":14,"column":2},"end":{"line":14,"column":45}},"5":{"start":{"line":17,"column":17},"end":{"line":17,"column":57}},"6":{"start":{"line":18,"column":21},"end":{"line":18,"column":67}},"7":{"start":{"line":19,"column":21},"end":{"line":19,"column":64}},"8":{"start":{"line":22,"column":39},"end":{"line":26,"column":4}},"9":{"start":{"line":29,"column":39},"end":{"line":32,"column":4}},"10":{"start":{"line":35,"column":47},"end":{"line":52,"column":4}},"11":{"start":{"line":55,"column":2},"end":{"line":60,"column":4}},"12":{"start":{"line":63,"column":2},"end":{"line":67,"column":4}},"13":{"start":{"line":65,"column":6},"end":{"line":65,"column":28}},"14":{"start":{"line":70,"column":2},"end":{"line":90,"column":4}},"15":{"start":{"line":72,"column":21},"end":{"line":72,"column":61}},"16":{"start":{"line":73,"column":30},"end":{"line":73,"column":75}},"17":{"start":{"line":75,"column":6},"end":{"line":77,"column":7}},"18":{"start":{"line":76,"column":8},"end":{"line":76,"column":15}},"19":{"start":{"line":79,"column":23},"end":{"line":79,"column":37}},"20":{"start":{"line":80,"column":6},"end":{"line":82,"column":7}},"21":{"start":{"line":81,"column":8},"end":{"line":81,"column":15}},"22":{"start":{"line":86,"column":6},"end":{"line":88,"column":8}},"23":{"start":{"line":93,"column":2},"end":{"line":93,"column":22}},"24":{"start":{"line":95,"column":2},"end":{"line":95,"column":45}},"25":{"start":{"line":99,"column":2},"end":{"line":101,"column":3}},"26":{"start":{"line":100,"column":4},"end":{"line":100,"column":21}},"27":{"start":{"line":102,"column":2},"end":{"line":102,"column":23}},"28":{"start":{"line":106,"column":2},"end":{"line":111,"column":3}},"29":{"start":{"line":107,"column":4},"end":{"line":107,"column":78}},"30":{"start":{"line":108,"column":4},"end":{"line":108,"column":24}},"31":{"start":{"line":109,"column":4},"end":{"line":109,"column":25}},"32":{"start":{"line":110,"column":4},"end":{"line":110,"column":74}}},"fnMap":{"0":{"name":"activate","decl":{"start":{"line":13,"column":16},"end":{"line":13,"column":24}},"loc":{"start":{"line":13,"column":57},"end":{"line":96,"column":1}}},"1":{"name":"(anonymous_10)","decl":{"start":{"line":64,"column":57},"end":{"line":64,"column":62}},"loc":{"start":{"line":64,"column":68},"end":{"line":66,"column":5}}},"2":{"name":"(anonymous_11)","decl":{"start":{"line":71,"column":44},"end":{"line":71,"column":49}},"loc":{"start":{"line":71,"column":60},"end":{"line":89,"column":5}}},"3":{"name":"deactivate","decl":{"start":{"line":98,"column":16},"end":{"line":98,"column":26}},"loc":{"start":{"line":98,"column":26},"end":{"line":103,"column":1}}},"4":{"name":"restartServer","decl":{"start":{"line":105,"column":15},"end":{"line":105,"column":28}},"loc":{"start":{"line":105,"column":28},"end":{"line":112,"column":1}}}},"branchMap":{"0":{"loc":{"start":{"line":18,"column":21},"end":{"line":18,"column":67}},"type":"binary-expr","locations":[{"start":{"line":18,"column":21},"end":{"line":18,"column":54}},{"start":{"line":18,"column":58},"end":{"line":18,"column":67}}]},"1":{"loc":{"start":{"line":19,"column":21},"end":{"line":19,"column":64}},"type":"binary-expr","locations":[{"start":{"line":19,"column":21},"end":{"line":19,"column":55}},{"start":{"line":19,"column":59},"end":{"line":19,"column":64}}]},"2":{"loc":{"start":{"line":51,"column":24},"end":{"line":51,"column":121}},"type":"cond-expr","locations":[{"start":{"line":51,"column":47},"end":{"line":51,"column":109}},{"start":{"line":51,"column":112},"end":{"line":51,"column":121}}]},"3":{"loc":{"start":{"line":75,"column":6},"end":{"line":77,"column":7}},"type":"if","locations":[{"start":{"line":75,"column":6},"end":{"line":77,"column":7}},{"start":{},"end":{}}]},"4":{"loc":{"start":{"line":80,"column":6},"end":{"line":82,"column":7}},"type":"if","locations":[{"start":{"line":80,"column":6},"end":{"line":82,"column":7}},{"start":{},"end":{}}]},"5":{"loc":{"start":{"line":99,"column":2},"end":{"line":101,"column":3}},"type":"if","locations":[{"start":{"line":99,"column":2},"end":{"line":101,"column":3}},{"start":{},"end":{}}]},"6":{"loc":{"start":{"line":106,"column":2},"end":{"line":111,"column":3}},"type":"if","locations":[{"start":{"line":106,"column":2},"end":{"line":111,"column":3}},{"start":{},"end":{}}]}},"s":{"0":2,"1":2,"2":2,"3":2,"4":18,"5":18,"6":18,"7":18,"8":18,"9":18,"10":18,"11":18,"12":18,"13":2,"14":18,"15":3,"16":3,"17":3,"18":1,"19":2,"20":2,"21":1,"22":1,"23":18,"24":18,"25":2,"26":1,"27":1,"28":2,"29":2,"30":2,"31":2,"32":2},"f":{"0":18,"1":2,"2":3,"3":2,"4":2},"b":{"0":[18,0],"1":[18,0],"2":[1,17],"3":[1,2],"4":[1,1],"5":[1,1],"6":[2,0]}}
}
