TN:
SF:src/extension.ts
FN:13,activate
FN:63,(anonymous_10)
FN:74,deactivate
FN:81,restartServer
FNF:4
FNH:4
FNDA:12,activate
FNDA:2,(anonymous_10)
FNDA:1,deactivate
FNDA:2,restartServer
DA:2,1
DA:3,1
DA:13,1
DA:14,12
DA:17,12
DA:18,12
DA:19,12
DA:22,12
DA:29,12
DA:35,12
DA:54,12
DA:62,12
DA:64,2
DA:69,12
DA:71,12
DA:74,1
DA:75,1
DA:76,0
DA:78,1
DA:82,2
DA:83,2
DA:84,2
DA:85,2
DA:86,2
LF:24
LH:23
BRDA:18,0,0,12
BRDA:18,0,1,0
BRDA:19,1,0,12
BRDA:19,1,1,0
BRDA:50,2,0,1
BRDA:50,2,1,11
BRDA:75,3,0,0
BRDA:75,3,1,1
BRDA:82,4,0,2
BRDA:82,4,1,0
BRF:10
BRH:6
end_of_record
