TN:
SF:src/extension.ts
FN:13,activate
FN:63,(anonymous_10)
FN:74,deactivate
FN:81,restartServer
FNF:4
FNH:0
FNDA:0,activate
FNDA:0,(anonymous_10)
FNDA:0,deactivate
FNDA:0,restartServer
DA:2,0
DA:3,0
DA:13,0
DA:14,0
DA:17,0
DA:18,0
DA:19,0
DA:22,0
DA:29,0
DA:35,0
DA:54,0
DA:62,0
DA:64,0
DA:69,0
DA:71,0
DA:74,0
DA:75,0
DA:76,0
DA:78,0
DA:82,0
DA:83,0
DA:84,0
DA:85,0
DA:86,0
LF:24
LH:0
BRDA:18,0,0,0
BRDA:18,0,1,0
BRDA:19,1,0,0
BRDA:19,1,1,0
BRDA:50,2,0,0
BRDA:50,2,1,0
BRDA:75,3,0,0
BRDA:75,3,1,0
BRDA:82,4,0,0
BRDA:82,4,1,0
BRF:10
BRH:0
end_of_record
